<?xml version="1.0" encoding="utf-8"?>
<TreeView xmlns:xsi="http://www.w3.org/2001/XMLSchema-instance" xmlns:xsd="http://www.w3.org/2001/XMLSchema" LineStyle="Solid" ItemHeight="36" ThemeName="MaterialBlueGrey" BackColor="White" LineColor="209; 209; 209">
  <Nodes Name="Глава 1. Динамическая геометрическая среда GeoGebra" Expanded="true" Text="Глава 1. Динамическая геометрическая среда GeoGebra" Font="(отсутствует)">
    <Nodes Name="Интерфейс программы" Text="Интерфейс программы" Font="(отсутствует)" />
    <Nodes Name="Использование инструментов для построений" Text="Использование инструментов для построений" Font="(отсутствует)" />
    <Nodes Name="Построение геометрическийх фигур при помощи командной строки" Text="Построение геометрическийх фигур при помощи командной строки" Font="(отсутствует)" />
  </Nodes>
  <Nodes Name="Глава 2. Использование GeoGebra (3D with JOGL2) при геометрическийх построениях" Expanded="true" Text="Глава 2. Использование GeoGebra (3D with JOGL2) при геометрическийх построениях" Font="(отсутствует)">
    <Nodes Name="Построение объемных фигур" Expanded="true" Text="Построение объемных фигур" Font="(отсутствует)">
      <Nodes Name="Построение призмы" Text="Построение призмы" Font="(отсутствует)" />
      <Nodes Name="Построение пирамиды" Text="Построение пирамиды" Font="(отсутствует)" />
      <Nodes Name="Построение прямоугольного параллелепипеда" Text="Построение прямоугольного параллелепипеда" Font="(отсутствует)" />
      <Nodes Name="Построение цилиндра" Text="Построение цилиндра" Font="(отсутствует)" />
      <Nodes Name="Построение конуса" Text="Построение конуса" Font="(отсутствует)" />
      <Nodes Name="Построение шара" Text="Построение шара" Font="(отсутствует)" />
    </Nodes>
    <Nodes Name="Построение плоских сечений" Expanded="true" Text="Построение плоских сечений" Font="(отсутствует)">
      <Nodes Name="Построение сечения пирамиды" Text="Построение сечения пирамиды" Font="(отсутствует)" />
      <Nodes Name="Построение сечения прямоугольного параллелепипеда" Text="Построение сечения прямоугольного параллелепипеда" Font="(отсутствует)" />
    </Nodes>
  </Nodes>
  <Nodes Name="Глава 3. Практические задания" Expanded="true" Text="Практические задания" Font="(отсутствует)">
    <Nodes Name="Практическое задание №1" Text="Практическое задание №1" Font="(отсутствует)" />
    <Nodes Name="Практическое задание №2" Text="Практическое задание №2" Font="(отсутствует)" />
    <Nodes Name="Практическое задание №3" Text="Практическое задание №3" Font="(отсутствует)" />
  </Nodes>
</TreeView>